<?xml version="1.0" encoding="UTF-8"?>
<!-- Generated by org.testng.reporters.JUnitReportReporter -->
<testsuite skipped="0" hostname="LAPTOP-A3UC9RTQ" name="mavenpractice.mavenjava.SeleniumTest" tests="1" failures="0" timestamp="2021-06-14T16:00:51 IST" time="0.004" errors="0">
  <testcase name="printName" time="0.004" classname="mavenpractice.mavenjava.SeleniumTest"/>
  <system-out/>
</testsuite> <!-- mavenpractice.mavenjava.SeleniumTest -->
