<?xml version="1.0" encoding="UTF-8"?>
<!-- Generated by org.testng.reporters.JUnitReportReporter -->
<testsuite hostname="LAPTOP-A3UC9RTQ" failures="0" tests="1" name="mavenpractice.mavenjava.JsonRead" time="0.016" errors="0" timestamp="2021-07-18T16:51:11 IST" skipped="0">
  <testcase classname="mavenpractice.mavenjava.JsonRead" name="readfile" time="0.016"/>
  <system-out/>
</testsuite> <!-- mavenpractice.mavenjava.JsonRead -->
