<?xml version="1.0" encoding="UTF-8"?>
<!-- Generated by org.testng.reporters.JUnitReportReporter -->
<testsuite hostname="LAPTOP-A3UC9RTQ" failures="0" tests="1" name="mavenpractice.mavenjava.MMTFlow" time="22.071" errors="0" timestamp="2021-07-14T14:53:42 IST" skipped="0">
  <testcase classname="mavenpractice.mavenjava.MMTFlow" name="RunTest" time="22.071"/>
  <system-out/>
</testsuite> <!-- mavenpractice.mavenjava.MMTFlow -->
